/*C4*/SET SCHEMA PUBLIC
DELETE FROM LESSON WHERE L_ID=60
DELETE FROM LESSON_CHORD WHERE LC_ID=983
DELETE FROM LESSON_CHORD WHERE LC_ID=984
DELETE FROM LESSON_CHORD WHERE LC_ID=985
DELETE FROM SCORE WHERE S_ID=43
DELETE FROM EXERCISE_SCORE WHERE ES_ID=260
DELETE FROM EXERCISE_SCORE WHERE ES_ID=261
DELETE FROM EXERCISE_SCORE WHERE ES_ID=262
DELETE FROM EXERCISE_SCORE WHERE ES_ID=263
DELETE FROM EXERCISE_SCORE WHERE ES_ID=264
DELETE FROM SCORE WHERE S_ID=44
DELETE FROM EXERCISE_SCORE WHERE ES_ID=265
DELETE FROM EXERCISE_SCORE WHERE ES_ID=266
DELETE FROM EXERCISE_SCORE WHERE ES_ID=267
DELETE FROM EXERCISE_SCORE WHERE ES_ID=268
DELETE FROM EXERCISE_SCORE WHERE ES_ID=269
DELETE FROM SCORE WHERE S_ID=45
DELETE FROM EXERCISE_SCORE WHERE ES_ID=270
DELETE FROM EXERCISE_SCORE WHERE ES_ID=271
DELETE FROM EXERCISE_SCORE WHERE ES_ID=272
DELETE FROM EXERCISE_SCORE WHERE ES_ID=273
DELETE FROM EXERCISE_SCORE WHERE ES_ID=274
DELETE FROM SCORE WHERE S_ID=49
DELETE FROM EXERCISE_SCORE WHERE ES_ID=290
DELETE FROM EXERCISE_SCORE WHERE ES_ID=291
DELETE FROM EXERCISE_SCORE WHERE ES_ID=292
DELETE FROM EXERCISE_SCORE WHERE ES_ID=293
DELETE FROM EXERCISE_SCORE WHERE ES_ID=294
DELETE FROM SCORE WHERE S_ID=50
DELETE FROM EXERCISE_SCORE WHERE ES_ID=295
DELETE FROM EXERCISE_SCORE WHERE ES_ID=296
DELETE FROM EXERCISE_SCORE WHERE ES_ID=297
DELETE FROM EXERCISE_SCORE WHERE ES_ID=298
DELETE FROM EXERCISE_SCORE WHERE ES_ID=299
DELETE FROM SCORE WHERE S_ID=51
DELETE FROM EXERCISE_SCORE WHERE ES_ID=300
DELETE FROM EXERCISE_SCORE WHERE ES_ID=301
DELETE FROM EXERCISE_SCORE WHERE ES_ID=302
DELETE FROM EXERCISE_SCORE WHERE ES_ID=303
DELETE FROM EXERCISE_SCORE WHERE ES_ID=304
DELETE FROM SCORE WHERE S_ID=52
DELETE FROM EXERCISE_SCORE WHERE ES_ID=305
DELETE FROM EXERCISE_SCORE WHERE ES_ID=306
DELETE FROM EXERCISE_SCORE WHERE ES_ID=307
DELETE FROM EXERCISE_SCORE WHERE ES_ID=308
DELETE FROM EXERCISE_SCORE WHERE ES_ID=309
DELETE FROM SCORE WHERE S_ID=53
DELETE FROM EXERCISE_SCORE WHERE ES_ID=310
DELETE FROM EXERCISE_SCORE WHERE ES_ID=311
DELETE FROM EXERCISE_SCORE WHERE ES_ID=312
DELETE FROM EXERCISE_SCORE WHERE ES_ID=313
DELETE FROM EXERCISE_SCORE WHERE ES_ID=314
DELETE FROM SCORE WHERE S_ID=54
DELETE FROM EXERCISE_SCORE WHERE ES_ID=315
DELETE FROM EXERCISE_SCORE WHERE ES_ID=316
DELETE FROM EXERCISE_SCORE WHERE ES_ID=317
DELETE FROM EXERCISE_SCORE WHERE ES_ID=318
DELETE FROM EXERCISE_SCORE WHERE ES_ID=319
DELETE FROM SCORE WHERE S_ID=55
DELETE FROM EXERCISE_SCORE WHERE ES_ID=320
DELETE FROM EXERCISE_SCORE WHERE ES_ID=321
DELETE FROM EXERCISE_SCORE WHERE ES_ID=322
DELETE FROM EXERCISE_SCORE WHERE ES_ID=323
DELETE FROM EXERCISE_SCORE WHERE ES_ID=324
DELETE FROM SCORE WHERE S_ID=56
DELETE FROM EXERCISE_SCORE WHERE ES_ID=325
DELETE FROM EXERCISE_SCORE WHERE ES_ID=326
DELETE FROM EXERCISE_SCORE WHERE ES_ID=327
DELETE FROM EXERCISE_SCORE WHERE ES_ID=328
DELETE FROM EXERCISE_SCORE WHERE ES_ID=329
COMMIT
DELETE FROM LESSON WHERE L_ID=61
DELETE FROM LESSON_CHORD WHERE LC_ID=986
DELETE FROM LESSON_CHORD WHERE LC_ID=987
DELETE FROM LESSON_CHORD WHERE LC_ID=988
COMMIT
DELETE FROM LESSON WHERE L_ID=62
DELETE FROM LESSON_CHORD WHERE LC_ID=989
DELETE FROM LESSON_CHORD WHERE LC_ID=990
DELETE FROM LESSON_CHORD WHERE LC_ID=991
COMMIT
DELETE FROM LESSON WHERE L_ID=63
DELETE FROM LESSON_CHORD WHERE LC_ID=992
DELETE FROM LESSON_CHORD WHERE LC_ID=993
DELETE FROM LESSON_CHORD WHERE LC_ID=994
DELETE FROM LESSON_CHORD WHERE LC_ID=995
DELETE FROM LESSON_CHORD WHERE LC_ID=996
DELETE FROM LESSON_CHORD WHERE LC_ID=997
COMMIT
DELETE FROM LESSON WHERE L_ID=64
DELETE FROM LESSON_CHORD WHERE LC_ID=998
DELETE FROM LESSON_CHORD WHERE LC_ID=999
DELETE FROM LESSON_CHORD WHERE LC_ID=1000
COMMIT
DELETE FROM LESSON WHERE L_ID=65
DELETE FROM LESSON_CHORD WHERE LC_ID=1001
DELETE FROM LESSON_CHORD WHERE LC_ID=1002
DELETE FROM LESSON_CHORD WHERE LC_ID=1003
DELETE FROM LESSON_CHORD WHERE LC_ID=1004
DELETE FROM LESSON_CHORD WHERE LC_ID=1005
DELETE FROM LESSON_CHORD WHERE LC_ID=1006
COMMIT
DELETE FROM LESSON WHERE L_ID=67
DELETE FROM LESSON_CHORD WHERE LC_ID=1011
DELETE FROM LESSON_CHORD WHERE LC_ID=1012
DELETE FROM LESSON_CHORD WHERE LC_ID=1013
COMMIT
DELETE FROM LESSON WHERE L_ID=68
DELETE FROM LESSON_CHORD WHERE LC_ID=1020
DELETE FROM LESSON_CHORD WHERE LC_ID=1021
DELETE FROM LESSON_CHORD WHERE LC_ID=1022
DELETE FROM LESSON_CHORD WHERE LC_ID=1023
DELETE FROM LESSON_CHORD WHERE LC_ID=1024
DELETE FROM LESSON_CHORD WHERE LC_ID=1025
DELETE FROM LESSON_CHORD WHERE LC_ID=1026
DELETE FROM LESSON_CHORD WHERE LC_ID=1027
COMMIT
DELETE FROM LESSON WHERE L_ID=71
DELETE FROM LESSON_CHORD WHERE LC_ID=1050
DELETE FROM LESSON_CHORD WHERE LC_ID=1051
DELETE FROM LESSON_CHORD WHERE LC_ID=1052
COMMIT
DELETE FROM LESSON WHERE L_ID=69
DELETE FROM LESSON_CHORD WHERE LC_ID=1034
DELETE FROM LESSON_CHORD WHERE LC_ID=1035
DELETE FROM LESSON_CHORD WHERE LC_ID=1036
DELETE FROM LESSON_CHORD WHERE LC_ID=1037
DELETE FROM LESSON_CHORD WHERE LC_ID=1038
DELETE FROM LESSON_CHORD WHERE LC_ID=1039
DELETE FROM LESSON_CHORD WHERE LC_ID=1040
DELETE FROM LESSON_CHORD WHERE LC_ID=1041
COMMIT
DELETE FROM LESSON WHERE L_ID=70
DELETE FROM LESSON_CHORD WHERE LC_ID=1046
DELETE FROM LESSON_CHORD WHERE LC_ID=1047
DELETE FROM LESSON_CHORD WHERE LC_ID=1048
DELETE FROM LESSON_CHORD WHERE LC_ID=1049
COMMIT
DELETE FROM LESSON WHERE L_ID=73
DELETE FROM LESSON_CHORD WHERE LC_ID=1069
DELETE FROM LESSON_CHORD WHERE LC_ID=1070
DELETE FROM LESSON_CHORD WHERE LC_ID=1071
DELETE FROM LESSON_CHORD WHERE LC_ID=1072
DELETE FROM LESSON_CHORD WHERE LC_ID=1073
DELETE FROM LESSON_CHORD WHERE LC_ID=1074
DELETE FROM LESSON_CHORD WHERE LC_ID=1075
DELETE FROM LESSON_CHORD WHERE LC_ID=1076
DELETE FROM LESSON_CHORD WHERE LC_ID=1077
DELETE FROM LESSON_CHORD WHERE LC_ID=1078
DELETE FROM LESSON_CHORD WHERE LC_ID=1079
DELETE FROM LESSON_CHORD WHERE LC_ID=1080
COMMIT
DELETE FROM LESSON WHERE L_ID=72
DELETE FROM LESSON_CHORD WHERE LC_ID=1057
DELETE FROM LESSON_CHORD WHERE LC_ID=1058
DELETE FROM LESSON_CHORD WHERE LC_ID=1059
DELETE FROM LESSON_CHORD WHERE LC_ID=1060
COMMIT
DELETE FROM LESSON WHERE L_ID=74
DELETE FROM LESSON_CHORD WHERE LC_ID=1089
DELETE FROM LESSON_CHORD WHERE LC_ID=1090
DELETE FROM LESSON_CHORD WHERE LC_ID=1091
DELETE FROM LESSON_CHORD WHERE LC_ID=1092
DELETE FROM LESSON_CHORD WHERE LC_ID=1093
DELETE FROM LESSON_CHORD WHERE LC_ID=1094
DELETE FROM LESSON_CHORD WHERE LC_ID=1095
DELETE FROM LESSON_CHORD WHERE LC_ID=1096
DELETE FROM LESSON_CHORD WHERE LC_ID=1097
DELETE FROM LESSON_CHORD WHERE LC_ID=1098
DELETE FROM LESSON_CHORD WHERE LC_ID=1099
DELETE FROM LESSON_CHORD WHERE LC_ID=1100
COMMIT
DELETE FROM LESSON WHERE L_ID=75
DELETE FROM LESSON_CHORD WHERE LC_ID=1105
DELETE FROM LESSON_CHORD WHERE LC_ID=1106
DELETE FROM LESSON_CHORD WHERE LC_ID=1107
DELETE FROM SCORE WHERE S_ID=46
DELETE FROM EXERCISE_SCORE WHERE ES_ID=275
DELETE FROM EXERCISE_SCORE WHERE ES_ID=276
DELETE FROM EXERCISE_SCORE WHERE ES_ID=277
DELETE FROM EXERCISE_SCORE WHERE ES_ID=278
DELETE FROM EXERCISE_SCORE WHERE ES_ID=279
DELETE FROM SCORE WHERE S_ID=47
DELETE FROM EXERCISE_SCORE WHERE ES_ID=280
DELETE FROM EXERCISE_SCORE WHERE ES_ID=281
DELETE FROM EXERCISE_SCORE WHERE ES_ID=282
DELETE FROM EXERCISE_SCORE WHERE ES_ID=283
DELETE FROM EXERCISE_SCORE WHERE ES_ID=284
COMMIT
DELETE FROM LESSON WHERE L_ID=76
DELETE FROM LESSON_CHORD WHERE LC_ID=1120
DELETE FROM LESSON_CHORD WHERE LC_ID=1121
DELETE FROM LESSON_CHORD WHERE LC_ID=1122
DELETE FROM LESSON_CHORD WHERE LC_ID=1123
DELETE FROM LESSON_CHORD WHERE LC_ID=1124
DELETE FROM LESSON_CHORD WHERE LC_ID=1125
DELETE FROM LESSON_CHORD WHERE LC_ID=1126
DELETE FROM LESSON_CHORD WHERE LC_ID=1127
DELETE FROM LESSON_CHORD WHERE LC_ID=1128
DELETE FROM LESSON_CHORD WHERE LC_ID=1129
DELETE FROM LESSON_CHORD WHERE LC_ID=1130
DELETE FROM LESSON_CHORD WHERE LC_ID=1131
DELETE FROM LESSON_CHORD WHERE LC_ID=1132
DELETE FROM LESSON_CHORD WHERE LC_ID=1133
DELETE FROM LESSON_CHORD WHERE LC_ID=1134
DELETE FROM SCORE WHERE S_ID=48
DELETE FROM EXERCISE_SCORE WHERE ES_ID=285
DELETE FROM EXERCISE_SCORE WHERE ES_ID=286
DELETE FROM EXERCISE_SCORE WHERE ES_ID=287
DELETE FROM EXERCISE_SCORE WHERE ES_ID=288
DELETE FROM EXERCISE_SCORE WHERE ES_ID=289
COMMIT
DELETE FROM LESSON WHERE L_ID=77
DELETE FROM LESSON_CHORD WHERE LC_ID=1139
DELETE FROM LESSON_CHORD WHERE LC_ID=1140
DELETE FROM LESSON_CHORD WHERE LC_ID=1141
COMMIT
DELETE FROM LESSON WHERE L_ID=78
DELETE FROM LESSON_CHORD WHERE LC_ID=1154
DELETE FROM LESSON_CHORD WHERE LC_ID=1155
DELETE FROM LESSON_CHORD WHERE LC_ID=1156
DELETE FROM LESSON_CHORD WHERE LC_ID=1157
DELETE FROM LESSON_CHORD WHERE LC_ID=1158
DELETE FROM LESSON_CHORD WHERE LC_ID=1159
DELETE FROM LESSON_CHORD WHERE LC_ID=1160
DELETE FROM LESSON_CHORD WHERE LC_ID=1161
DELETE FROM LESSON_CHORD WHERE LC_ID=1162
DELETE FROM LESSON_CHORD WHERE LC_ID=1163
DELETE FROM LESSON_CHORD WHERE LC_ID=1164
DELETE FROM LESSON_CHORD WHERE LC_ID=1165
DELETE FROM LESSON_CHORD WHERE LC_ID=1166
DELETE FROM LESSON_CHORD WHERE LC_ID=1167
DELETE FROM LESSON_CHORD WHERE LC_ID=1168
COMMIT
DELETE FROM LESSON WHERE L_ID=79
DELETE FROM LESSON_CHORD WHERE LC_ID=1172
DELETE FROM LESSON_CHORD WHERE LC_ID=1173
DELETE FROM LESSON_CHORD WHERE LC_ID=1174
COMMIT
DELETE FROM LESSON WHERE L_ID=80
DELETE FROM LESSON_CHORD WHERE LC_ID=1190
DELETE FROM LESSON_CHORD WHERE LC_ID=1191
DELETE FROM LESSON_CHORD WHERE LC_ID=1192
DELETE FROM LESSON_CHORD WHERE LC_ID=1193
DELETE FROM LESSON_CHORD WHERE LC_ID=1194
DELETE FROM LESSON_CHORD WHERE LC_ID=1195
DELETE FROM LESSON_CHORD WHERE LC_ID=1196
DELETE FROM LESSON_CHORD WHERE LC_ID=1197
DELETE FROM LESSON_CHORD WHERE LC_ID=1198
DELETE FROM LESSON_CHORD WHERE LC_ID=1199
DELETE FROM LESSON_CHORD WHERE LC_ID=1200
DELETE FROM LESSON_CHORD WHERE LC_ID=1201
DELETE FROM LESSON_CHORD WHERE LC_ID=1202
DELETE FROM LESSON_CHORD WHERE LC_ID=1203
DELETE FROM LESSON_CHORD WHERE LC_ID=1204
DELETE FROM LESSON_CHORD WHERE LC_ID=1205
COMMIT
DELETE FROM LESSON WHERE L_ID=81
DELETE FROM LESSON_CHORD WHERE LC_ID=1206
DELETE FROM LESSON_CHORD WHERE LC_ID=1207
DELETE FROM LESSON_CHORD WHERE LC_ID=1208
DELETE FROM LESSON_CHORD WHERE LC_ID=1209
COMMIT
DELETE FROM LESSON WHERE L_ID=82
DELETE FROM LESSON_CHORD WHERE LC_ID=1225
DELETE FROM LESSON_CHORD WHERE LC_ID=1226
DELETE FROM LESSON_CHORD WHERE LC_ID=1227
DELETE FROM LESSON_CHORD WHERE LC_ID=1228
DELETE FROM LESSON_CHORD WHERE LC_ID=1229
DELETE FROM LESSON_CHORD WHERE LC_ID=1230
DELETE FROM LESSON_CHORD WHERE LC_ID=1231
DELETE FROM LESSON_CHORD WHERE LC_ID=1232
DELETE FROM LESSON_CHORD WHERE LC_ID=1233
DELETE FROM LESSON_CHORD WHERE LC_ID=1234
DELETE FROM LESSON_CHORD WHERE LC_ID=1235
DELETE FROM LESSON_CHORD WHERE LC_ID=1236
DELETE FROM LESSON_CHORD WHERE LC_ID=1237
DELETE FROM LESSON_CHORD WHERE LC_ID=1238
DELETE FROM LESSON_CHORD WHERE LC_ID=1239
DELETE FROM LESSON_CHORD WHERE LC_ID=1240
COMMIT
DELETE FROM LESSON WHERE L_ID=83
DELETE FROM LESSON_CHORD WHERE LC_ID=1366
DELETE FROM LESSON_CHORD WHERE LC_ID=1367
DELETE FROM LESSON_CHORD WHERE LC_ID=1368
COMMIT
DELETE FROM LESSON WHERE L_ID=84
DELETE FROM LESSON_CHORD WHERE LC_ID=1363
DELETE FROM LESSON_CHORD WHERE LC_ID=1364
DELETE FROM LESSON_CHORD WHERE LC_ID=1365
COMMIT
DELETE FROM LESSON WHERE L_ID=85
DELETE FROM LESSON_CHORD WHERE LC_ID=1357
DELETE FROM LESSON_CHORD WHERE LC_ID=1358
DELETE FROM LESSON_CHORD WHERE LC_ID=1359
COMMIT
DELETE FROM LESSON WHERE L_ID=86
DELETE FROM LESSON_CHORD WHERE LC_ID=1360
DELETE FROM LESSON_CHORD WHERE LC_ID=1361
DELETE FROM LESSON_CHORD WHERE LC_ID=1362
COMMIT
DELETE FROM LESSON WHERE L_ID=87
DELETE FROM LESSON_CHORD WHERE LC_ID=1274
DELETE FROM LESSON_CHORD WHERE LC_ID=1275
DELETE FROM LESSON_CHORD WHERE LC_ID=1276
DELETE FROM LESSON_CHORD WHERE LC_ID=1277
COMMIT
DELETE FROM LESSON WHERE L_ID=89
DELETE FROM LESSON_CHORD WHERE LC_ID=1294
DELETE FROM LESSON_CHORD WHERE LC_ID=1295
DELETE FROM LESSON_CHORD WHERE LC_ID=1296
DELETE FROM LESSON_CHORD WHERE LC_ID=1297
DELETE FROM LESSON_CHORD WHERE LC_ID=1298
DELETE FROM LESSON_CHORD WHERE LC_ID=1299
DELETE FROM LESSON_CHORD WHERE LC_ID=1300
DELETE FROM LESSON_CHORD WHERE LC_ID=1301
DELETE FROM LESSON_CHORD WHERE LC_ID=1302
DELETE FROM LESSON_CHORD WHERE LC_ID=1303
DELETE FROM LESSON_CHORD WHERE LC_ID=1304
DELETE FROM LESSON_CHORD WHERE LC_ID=1305
DELETE FROM LESSON_CHORD WHERE LC_ID=1306
DELETE FROM LESSON_CHORD WHERE LC_ID=1307
DELETE FROM LESSON_CHORD WHERE LC_ID=1308
DELETE FROM LESSON_CHORD WHERE LC_ID=1309
DELETE FROM LESSON_CHORD WHERE LC_ID=1310
DELETE FROM LESSON_CHORD WHERE LC_ID=1311
DELETE FROM LESSON_CHORD WHERE LC_ID=1312
DELETE FROM LESSON_CHORD WHERE LC_ID=1313
DELETE FROM LESSON_CHORD WHERE LC_ID=1314
COMMIT
DELETE FROM LESSON WHERE L_ID=88
DELETE FROM LESSON_CHORD WHERE LC_ID=1270
DELETE FROM LESSON_CHORD WHERE LC_ID=1271
DELETE FROM LESSON_CHORD WHERE LC_ID=1272
DELETE FROM LESSON_CHORD WHERE LC_ID=1273
COMMIT
DELETE FROM LESSON WHERE L_ID=90
DELETE FROM LESSON_CHORD WHERE LC_ID=1336
DELETE FROM LESSON_CHORD WHERE LC_ID=1337
DELETE FROM LESSON_CHORD WHERE LC_ID=1338
DELETE FROM LESSON_CHORD WHERE LC_ID=1339
DELETE FROM LESSON_CHORD WHERE LC_ID=1340
DELETE FROM LESSON_CHORD WHERE LC_ID=1341
DELETE FROM LESSON_CHORD WHERE LC_ID=1342
DELETE FROM LESSON_CHORD WHERE LC_ID=1343
DELETE FROM LESSON_CHORD WHERE LC_ID=1344
DELETE FROM LESSON_CHORD WHERE LC_ID=1345
DELETE FROM LESSON_CHORD WHERE LC_ID=1346
DELETE FROM LESSON_CHORD WHERE LC_ID=1347
DELETE FROM LESSON_CHORD WHERE LC_ID=1348
DELETE FROM LESSON_CHORD WHERE LC_ID=1349
DELETE FROM LESSON_CHORD WHERE LC_ID=1350
DELETE FROM LESSON_CHORD WHERE LC_ID=1351
DELETE FROM LESSON_CHORD WHERE LC_ID=1352
DELETE FROM LESSON_CHORD WHERE LC_ID=1353
DELETE FROM LESSON_CHORD WHERE LC_ID=1354
DELETE FROM LESSON_CHORD WHERE LC_ID=1355
DELETE FROM LESSON_CHORD WHERE LC_ID=1356
COMMIT
DELETE FROM CHORD WHERE C_ID=59
COMMIT
/*C3*/SET SCHEMA PUBLIC
DELETE FROM CHORD WHERE C_ID=60
COMMIT
/*C4*/DELETE FROM CHORD WHERE C_ID=61
COMMIT
/*C3*/DELETE FROM CHORD WHERE C_ID=62
COMMIT
/*C4*/DELETE FROM CHORD WHERE C_ID=63
COMMIT
/*C3*/DELETE FROM CHORD WHERE C_ID=64
COMMIT
/*C4*/DELETE FROM CHORD WHERE C_ID=65
COMMIT
/*C3*/DELETE FROM CHORD WHERE C_ID=66
COMMIT
/*C4*/DELETE FROM CHORD WHERE C_ID=67
COMMIT
/*C3*/DELETE FROM CHORD WHERE C_ID=68
COMMIT
/*C4*/DELETE FROM CHORD WHERE C_ID=69
COMMIT
/*C3*/DELETE FROM CHORD WHERE C_ID=70
COMMIT
/*C4*/DELETE FROM CHORD WHERE C_ID=71
COMMIT
/*C3*/DELETE FROM CHORD WHERE C_ID=72
COMMIT
/*C4*/DELETE FROM CHORD WHERE C_ID=73
COMMIT
/*C3*/DELETE FROM CHORD WHERE C_ID=74
COMMIT
/*C4*/DELETE FROM CHORD WHERE C_ID=75
COMMIT
/*C3*/DELETE FROM CHORD WHERE C_ID=76
COMMIT
/*C4*/DELETE FROM CHORD WHERE C_ID=77
COMMIT
/*C3*/DELETE FROM CHORD WHERE C_ID=78
COMMIT
/*C4*/DELETE FROM CHORD WHERE C_ID=79
COMMIT
/*C3*/DELETE FROM CHORD WHERE C_ID=80
COMMIT
/*C4*/DELETE FROM CHORD WHERE C_ID=81
COMMIT
/*C3*/DELETE FROM CHORD WHERE C_ID=82
COMMIT
/*C4*/DELETE FROM CHORD WHERE C_ID=83
COMMIT
